/*C107*/SET SCHEMA PUBLIC
DELETE FROM PRODUTO WHERE ID=15
DELETE FROM PRODUTO WHERE ID=16
COMMIT
SET SCHEMA PUBLIC
DISCONNECT
/*C108*/SET SCHEMA PUBLIC
INSERT INTO PRODUTO VALUES(17,'Mesa azul','Mesao com 4 p\u00e9s')
COMMIT
SET SCHEMA PUBLIC
DISCONNECT
/*C109*/SET SCHEMA PUBLIC
INSERT INTO PRODUTO VALUES(18,'Mesa azul','Mesao com 4 p\u00e9s')
COMMIT
SET SCHEMA PUBLIC
DISCONNECT
/*C110*/SET SCHEMA PUBLIC
DELETE FROM PRODUTO WHERE ID=17
DELETE FROM PRODUTO WHERE ID=18
COMMIT
SET SCHEMA PUBLIC
DISCONNECT
/*C111*/SET SCHEMA PUBLIC
INSERT INTO PRODUTO VALUES(19,'Mesa azul','Mesao com 4 p\u00e9s')
COMMIT
SET SCHEMA PUBLIC
DISCONNECT
/*C112*/SET SCHEMA PUBLIC
INSERT INTO PRODUTO VALUES(20,'Mesa vermelha','Mesao com 4 p\u00e9s')
COMMIT
SET SCHEMA PUBLIC
DISCONNECT
/*C106*/SET SCHEMA PUBLIC
DISCONNECT
